34159052
1727698
37762536
5516 6846
745.5960
M003 0 0 2184 1008
M032 2184 0 2562 784
M048 0 1008 1302 1736
M017 2562 0 3318 392
M026 2184 784 2534 1512
M028 1302 1008 1820 2072
M025 0 1736 322 2520
M043 644 4704 1176 5614
M033 2562 392 4452 1344
M034 0 5614 1148 6174
M006 2184 1694 4046 2576
M027 1820 1008 2184 1848
M024 3430 1344 4228 1610
M018 322 1736 714 2814
M002 0 2814 672 4368
M038 1302 3276 1750 4242
M016 4718 4690 5516 5012
M010 4452 0 4746 616
M015 5068 5012 5474 5852
M001 2282 2982 5516 4690
M035 3318 0 4172 392
M031 4046 1610 4438 2660
M005 3332 4690 4718 5222
M007 2562 1344 3430 1694
M021 4256 6020 5082 6412
M039 4256 5222 5040 5586
M022 1806 4130 2170 5082
M046 1302 2072 1806 3276
M029 4438 2478 5432 2968
M044 672 2954 1302 4256
M008 0 4368 644 5614
M037 714 1736 1274 2954
M047 4256 5586 5068 6020
M040 3108 2576 3976 2968
M042 1820 3962 2198 4130
M049 4746 0 5488 392
M045 0 6174 1162 6846
M012 4718 1694 5516 2100
M014 2184 2576 3108 2982
M013 4452 616 4718 1288
M004 1176 5222 4256 6832
M041 4256 6412 5110 6776
M009 1820 2982 2282 3962
M020 4452 1288 4704 2086
M036 672 4256 1666 4704
M011 4452 2100 5278 2478
M030 4746 392 5474 1694
M023 2198 4690 3332 5180
M019 5110 5852 5502 6678
