34161407
1962926
37739016
4788 7882
703.7447
M004 0 0 3080 1610
M046 3080 0 4284 504
M045 0 1610 672 2772
M017 2954 6132 3346 6888
M028 3080 504 4144 1022
M025 4354 4214 4676 4998
M006 0 2772 882 4634
M042 2954 4438 3332 4606
M002 3486 4746 4158 6300
M030 4004 2912 4732 4214
M023 3318 1022 3808 2156
M020 3696 6692 4494 6944
M039 392 6076 1176 6440
M018 3696 6300 4774 6692
M021 0 4634 392 5460
M007 882 3472 1232 4340
M033 3836 1022 4788 2912
M013 1988 3178 2660 3444
M031 770 5026 1162 6076
M010 2660 2618 2954 3234
22 2954 6888 2976 6910
M049 1246 3178 1988 3570
M014 3752 6944 4676 7350
M009 3752 7350 4732 7812
M041 882 2618 1246 3472
M036 2954 2450 3402 3444
M044 4158 4998 4788 6300
M012 0 7084 798 7490
M024 868 7084 1134 7882
M034 1246 2618 2394 3178
M040 0 7490 868 7882
M048 2044 7126 3346 7854
M032 1246 7126 2030 7504
M019 0 5460 392 6286
M016 1246 7504 2044 7826
M035 392 4634 1246 5026
M037 3444 2968 4004 4186
M008 0 6440 1246 7084
M027 2954 1610 3318 2450
M015 3346 7028 3752 7868
M026 3346 6300 3696 7028
M011 392 5026 770 5852
M043 3444 4214 4354 4746
M038 1988 3444 2954 3892
M022 4284 0 4648 952
M001 1246 3892 2954 7126
M047 3402 2156 3836 2968
M003 672 1610 2856 2618
M005 2954 4746 3486 6132
M029 2954 3444 3444 4438
