12372548
0
41241828
6438 6406
201.35288
b92 0 0 184 597
b2 184 0 351 562
b22 0 4632 400 4789
b96 351 0 513 290
b158 184 2937 958 3140
b147 400 4632 887 4889
b263 0 4789 239 5314
b316 513 0 1050 234
b179 351 1662 925 1936
b226 958 2299 1512 2583
b99 184 3140 301 3542
b297 887 4328 1487 4589
b165 400 4889 1042 5084
b197 239 5312 500 5854
b188 4820 2420 5352 2656
b132 1050 0 1661 153
b87 513 234 729 671
b19 925 1547 1604 1754
b222 351 1936 778 2230
b169 1512 2323 2188 2509
b42 3858 4278 4114 4890
b40 301 3140 546 3588
b124 184 3984 627 4232
b207 1487 3889 1966 4020
b126 2930 1805 3134 2341
b83 1042 4866 1810 5071
b269 2774 3024 3127 3156
b89 6018 1507 6150 1981
b109 4978 4951 5622 5122
b62 3628 4278 3858 4826
b259 1266 5071 1434 5628
b125 1661 0 2212 228
b217 3421 1610 3631 2206
b50 2173 1166 2345 1623
b310 513 671 734 1099
b44 6187 461 6425 725
b167 925 1754 1262 2174
b219 1434 5480 1708 5767
b18 6187 725 6389 1499
b90 2188 2323 2456 2793
b20 5726 1091 6056 1233
b80 1262 2030 1844 2299
b24 5668 3998 5826 4589
b93 546 3140 985 3426
b135 2796 413 3063 590
b232 301 3588 618 3984
b56 5561 1788 5820 2274
b175 1966 3917 2614 4134
b13 2583 591 3178 829
b113 0 5682 225 6310
b103 3421 2206 3575 2714
b286 1810 4889 2262 5063
b128 3958 0 4548 213
b195 5820 1981 6050 2254
b64 2622 2214 2822 2686
b143 5733 6146 6035 6406
b233 2534 1191 2883 1416
b55 4371 4545 4551 4980
b102 2262 5672 2662 5790
b45 2029 5063 2259 5542
b106 4578 3571 4939 4006
b163 875 3664 1087 4328
b133 1973 998 2534 1166
b144 2212 0 2583 296
b187 3592 3372 3969 3747
b154 2582 5230 2955 5524
b39 1470 2583 1621 3103
b285 2657 4410 3231 4657
b166 1860 3403 1988 3889
b140 734 391 1446 589
b218 184 4232 577 4632
b94 4856 636 5050 959
b186 5477 5812 5733 6119
b32 1262 1812 1983 2030
b215 3284 5575 3498 5943
b252 5726 1507 6018 1722
b312 400 5084 881 5312
b150 4280 2348 4820 2580
b88 3570 0 3958 121
b31 3631 1610 3780 2137
b77 2188 3205 2774 3365
b130 1050 153 1577 391
b194 4919 2249 5561 2420
b33 668 2410 888 2768
b138 500 5660 957 5865
b71 5477 6119 5721 6376
b46 2657 4185 3284 4410
b298 4571 2580 4789 3158
b60 1266 5767 1723 5939
b97 5726 1233 6183 1507
b243 5159 1788 5499 1973
b81 2774 2891 3242 3024
b190 2950 1294 3435 1585
b69 5668 2987 5844 3434
b157 957 5501 1266 5704
b307 2614 3787 3303 4014
b57 1966 4185 2657 4390
b274 5050 510 5313 1106
b58 734 589 1180 905
b229 1195 6216 1682 6377
b317 2955 5230 3169 5523
b6 887 4589 1321 4841
b220 985 2877 1118 3345
b131 2262 4657 2917 4873
b206 1810 5063 2029 5635
b253 5733 5812 6156 6146
b23 5537 461 6052 613
b308 2353 296 2575 933
b246 2951 6252 3490 6397
b120 6039 4306 6437 4464
b262 4048 423 4610 618
b164 1042 5071 1187 5501
b105 4578 4006 4975 4283
b122 5844 3154 6168 3494
b67 1855 714 2353 998
b5 1087 3836 1469 4248
b277 4856 0 5028 636
b294 785 6099 1179 6378
b9 4578 3398 5031 3571
b290 2027 4390 2402 4558
b237 2173 1623 2518 2078
b173 5811 4631 6119 5040
b245 1180 589 1426 907
b47 3522 3930 4026 4086
b261 3607 5480 4056 5725
b239 5213 0 5340 367
b73 1621 2509 1752 2988
b35 2583 0 2796 591
b141 5602 5661 6119 5812
b267 1007 1015 1342 1389
b162 4197 1017 4417 1446
b137 2188 3657 2611 3917
b34 4719 4545 4978 5090
b38 5537 251 6208 461
b54 4548 0 4797 188
b145 6208 0 6414 459
b136 4232 1708 4476 2094
b36 1705 6065 2200 6286
b306 239 6247 785 6390
b236 1446 391 1860 656
b108 627 3518 1165 3664
b127 3242 3143 3860 3372
b299 4718 2037 4919 2348
b100 3134 2242 3312 2594
b65 1487 4390 2027 4565
b53 1889 4565 2082 4889
b91 500 5312 635 5660
b79 1983 1166 2173 1905
b142 4056 4923 4371 5420
b221 4196 4542 4318 4923
b301 5352 2420 5645 2688
b148 3284 4920 3500 5575
b63 4193 6101 4937 6312
b211 627 3664 875 4169
b43 1434 5071 1702 5480
b214 4858 5550 5477 5778
b244 3570 121 3855 286
b68 1926 2509 2177 2945
b287 6119 5386 6376 5752
b176 3303 3698 3522 4130
b7 2909 5524 3167 6073
b258 5668 3434 5834 3998
b278 3284 4495 3628 4678
b118 1487 4020 1911 4353
b172 4571 3188 5091 3398
b192 3303 4130 3432 4495
b241 2796 212 3422 413
b16 351 2230 668 2675
b11 6052 461 6187 925
b293 3074 2714 3604 2891
b309 5479 4292 5659 4901
b266 3242 2962 3849 3143
b216 4405 4283 5005 4545
b21 2687 5524 2909 6018
b238 5335 3657 5668 4128
b4 4989 5396 5602 5550
b183 3522 4086 3929 4278
b242 1321 4589 1889 4866
b279 3604 2206 3730 2578
b200 513 1099 830 1545
b129 4919 2037 5512 2249
b191 2345 1166 2482 1623
b281 1604 1515 1973 1812
b121 2614 4014 3074 4185
b231 5834 3657 6039 4421
b17 0 5314 213 5682
b209 5031 4021 5221 4599
b177 4718 188 4856 638
b249 3583 618 4146 786
b156 239 5865 609 6247
b61 2582 5050 3281 5230
b104 3303 3372 3592 3698
b257 3860 3067 4074 3360
b300 3849 2916 4160 3067
b74 1118 2583 1470 3029
b146 3565 6149 3930 6321
b275 958 2583 1117 2877
b248 4371 5012 4597 5430
b12 4197 618 4511 1017
b303 4280 2580 4571 3065
b205 5537 613 5985 894
b213 6119 4786 6381 5386
b72 577 4232 783 4613
b95 5651 2274 6035 2561
b283 6119 4464 6363 4786
b212 3091 0 3570 164
b25 3411 926 3666 1294
b224 957 5704 1195 6099
b247 4841 5122 4989 5439
b181 5272 4292 5479 4895
b116 1810 5635 2237 5819
b151 1723 5819 2234 6065
b70 3666 786 3973 1247
b3 3178 413 3386 715
b199 4048 213 4718 423
b223 2188 3365 2727 3657
b314 1983 2078 2622 2323
b270 4196 4015 4405 4542
b228 4511 618 4710 1172
b10 5091 3307 5411 3504
b288 2727 3560 3281 3787
b117 5537 0 6162 251
b250 2930 2341 3074 2777
b189 5005 4599 5272 4951
b49 1781 2509 1926 2941
b171 2262 5050 2428 5426
b86 5826 4464 6106 4631
b66 6156 5752 6438 6252
b82 2967 4657 3280 4857
b210 1661 228 2018 360
b111 3969 3360 4237 3535
b119 4417 1172 4592 1708
b123 5668 2561 6037 2987
b152 4033 3535 4196 3821
b254 4718 1788 5159 2037
b107 4718 1106 5101 1517
b155 830 1015 1007 1547
b168 1446 925 1810 1053
b84 6220 2552 6397 3172
b182 5031 3504 5335 4021
b178 3780 1610 3931 2131
b75 2583 829 3181 1066
b185 6192 3657 6386 4306
b208 5433 2688 5634 3080
b196 4059 2276 4280 2631
b174 3565 5921 4183 6149
b27 6050 2160 6370 2552
b59 4280 3065 4499 3565
b15 4059 1446 4232 2081
b255 3849 2651 4263 2916
b110 351 2768 909 2937
b280 2456 2686 2698 3205
b8 4551 4545 4719 5012
b1 3849 2131 4059 2651
b225 4263 3565 4578 4015
b227 2796 0 3091 212
b260 5811 5040 6063 5661
b52 3604 2578 3809 2962
b48 1342 1053 1566 1471
b273 1195 5939 1705 6216
b180 2950 1066 3411 1271
b29 4789 2656 5025 3188
b51 1781 2945 2090 3403
b76 4232 2142 4702 2276
b311 2774 3156 3164 3560
b14 3607 4826 3759 5136
b159 4989 5122 5391 5396
b291 4193 5648 4841 5866
b230 5221 4128 5601 4292
b272 5534 894 5705 1537
b304 2518 1585 3233 1805
b112 1604 1053 1911 1515
b296 1860 360 2170 714
b264 2262 5426 2582 5672
b234 2237 5790 2357 6180
b37 513 1547 920 1662
b170 4476 1708 4694 2142
b85 985 3345 1257 3518
b201 3973 786 4197 1346
b292 5834 3494 6220 3657
b184 1446 656 1855 925
b139 2575 1066 2950 1191
b26 5091 2656 5230 3108
b149 5705 925 6174 1091
b78 2622 1805 2930 2214
b284 5028 0 5213 510
b235 6039 3657 6192 4066
b160 2357 5790 2687 6075
b282 4937 5778 5355 6154
b240 2951 6073 3565 6252
b256 1257 3316 1683 3610
b30 3422 537 3583 926
b268 5313 479 5534 833
b101 5433 3080 5651 3657
b315 3435 1346 4031 1610
b305 6183 1499 6396 2160
b198 3284 4678 3607 4920
b41 6037 2552 6220 3154
b313 3522 3747 4033 3930
b98 3872 5725 4193 5921
b295 5101 1537 5726 1788
b193 3565 5725 3872 5879
b134 2262 4873 2967 5050
b302 4056 5430 4706 5648
b203 1165 3610 1860 3836
b289 4193 5866 4858 6101
b161 1118 3103 1781 3316
b28 5668 4589 5811 4916
b202 3759 4890 3998 5480
b114 2357 6075 2951 6339
b115 3134 1805 3421 2242
b276 4937 6154 5382 6330
b271 5230 2688 5433 3307
b204 5340 0 5537 479
b251 668 2230 928 2410
b265 734 905 1160 1015
b153 3422 286 4048 537
