35546090
1842400
39290944
5236 7504
763.6168
M020 0 0 252 798
M022 252 0 1204 364
M004 0 3626 3080 5236
M025 1050 5236 1834 5558
M029 252 364 1246 854
M003 3080 3696 4088 5880
M024 0 5236 266 6034
M005 2492 1428 3024 2814
M023 2156 5236 2646 6370
M037 1246 0 2464 560
M049 700 2240 1442 2632
M016 4088 4928 4410 5726
M001 3136 0 4844 3234
M032 266 5236 1050 5614
M006 0 6566 1862 7448
M046 1036 3010 2240 3514
M014 4760 5320 5166 6244
M026 700 2632 1428 2982
M035 4116 3234 4508 4088
M013 2464 0 3136 266
M012 1428 938 1834 1736
M042 2492 2814 2660 3192
M041 4844 0 5208 854
M028 4718 6440 5236 7504
M043 3080 5880 3612 6790
M017 4410 4928 5166 5320
M030 4508 3626 5236 4928
M021 4844 854 5236 1680
M033 266 5614 2156 6566
M031 3612 6440 4662 6832
M039 252 2982 1036 3346
M018 4844 1680 5236 2758
M048 700 938 1428 2240
M027 4116 4088 4480 4928
M038 252 1848 700 2814
M034 3612 5880 4760 6440
M019 1834 938 2226 1764
M008 1442 1764 2086 3010
M015 2086 1764 2492 2604
M040 2156 6370 3024 6762
M045 2464 266 3136 1428
M011 1246 560 2072 938
M036 252 854 700 1848
M007 4844 2758 5194 3626
M002 1862 6790 3416 7462
M047 2240 3192 3052 3626
M010 2646 5236 2940 5852
M044 3416 6832 4718 7462
M009 3136 3234 4116 3696
