686682
122933
1250431
1183 1057
142.0540
bk13 0 0 140 497
bk7 140 0 238 182
bk1 0 497 336 630
bk8b 238 0 616 126
bk17b 140 259 322 462
bk21 336 259 476 574
bk8a 0 630 210 840
bk3 616 0 749 315
bk9a 210 630 329 812
bk19 616 315 735 399
bk5a 616 553 756 686
bk10c 791 714 910 763
bk16 336 574 455 700
bk6 476 686 791 819
bk14a 1050 490 1169 686
bk12 749 0 1155 140
bk10a 371 938 749 1057
bk5c 238 126 469 259
bk4 476 126 609 686
bk14b 812 763 931 1057
bk2 749 140 882 434
bk11 336 700 455 875
bk17a 0 875 371 1057
bk10b 791 553 931 714
bk15a 616 434 882 553
bk9c 455 819 812 938
bk5b 1050 686 1183 861
bk15b 1064 140 1183 476
bk18 931 861 1134 1043
bk14c 931 609 1050 770
bk20 882 140 1064 490
bk9b 931 490 1050 609
bk9d 931 770 1050 854
